0 info it worked if it ends with ok
1 verbose cli [ '/Users/newuser/.nvm/versions/node/v7.0.0/bin/node',
1 verbose cli   '/Users/newuser/.nvm/versions/node/v7.0.0/bin/npm',
1 verbose cli   'run',
1 verbose cli   'lint:watch' ]
2 info using npm@3.10.8
3 info using node@v7.0.0
4 verbose run-script [ 'prelint:watch', 'lint:watch', 'postlint:watch' ]
5 info lifecycle starter-kit@1.0.0~prelint:watch: starter-kit@1.0.0
6 silly lifecycle starter-kit@1.0.0~prelint:watch: no script for prelint:watch, continuing
7 info lifecycle starter-kit@1.0.0~lint:watch: starter-kit@1.0.0
8 verbose lifecycle starter-kit@1.0.0~lint:watch: unsafe-perm in lifecycle true
9 verbose lifecycle starter-kit@1.0.0~lint:watch: PATH: /Users/newuser/.nvm/versions/node/v7.0.0/lib/node_modules/npm/bin/node-gyp-bin:/Users/newuser/Developer/starter-kit/node_modules/.bin:/Users/newuser/.jenv/shims:/Users/newuser/.jenv/bin:/Users/newuser/.cargo/bin:/Users/newuser/.nvm/versions/node/v7.0.0/bin:/Users/newuser/.rbenv/shims:/Users/newuser/.npm-global/bin:/usr/local/bin:/usr/bin:/bin:/usr/sbin:/sbin
10 verbose lifecycle starter-kit@1.0.0~lint:watch: CWD: /Users/newuser/Developer/starter-kit
11 silly lifecycle starter-kit@1.0.0~lint:watch: Args: [ '-c', 'npm run lint -- --watch' ]
12 silly lifecycle starter-kit@1.0.0~lint:watch: Returned: code: 1  signal: null
13 info lifecycle starter-kit@1.0.0~lint:watch: Failed to exec lint:watch script
14 verbose stack Error: starter-kit@1.0.0 lint:watch: `npm run lint -- --watch`
14 verbose stack Exit status 1
14 verbose stack     at EventEmitter.<anonymous> (/Users/newuser/.nvm/versions/node/v7.0.0/lib/node_modules/npm/lib/utils/lifecycle.js:255:16)
14 verbose stack     at emitTwo (events.js:106:13)
14 verbose stack     at EventEmitter.emit (events.js:191:7)
14 verbose stack     at ChildProcess.<anonymous> (/Users/newuser/.nvm/versions/node/v7.0.0/lib/node_modules/npm/lib/utils/spawn.js:40:14)
14 verbose stack     at emitTwo (events.js:106:13)
14 verbose stack     at ChildProcess.emit (events.js:191:7)
14 verbose stack     at maybeClose (internal/child_process.js:877:16)
14 verbose stack     at Process.ChildProcess._handle.onexit (internal/child_process.js:226:5)
15 verbose pkgid starter-kit@1.0.0
16 verbose cwd /Users/newuser/Developer/starter-kit
17 error Darwin 14.5.0
18 error argv "/Users/newuser/.nvm/versions/node/v7.0.0/bin/node" "/Users/newuser/.nvm/versions/node/v7.0.0/bin/npm" "run" "lint:watch"
19 error node v7.0.0
20 error npm  v3.10.8
21 error code ELIFECYCLE
22 error starter-kit@1.0.0 lint:watch: `npm run lint -- --watch`
22 error Exit status 1
23 error Failed at the starter-kit@1.0.0 lint:watch script 'npm run lint -- --watch'.
23 error Make sure you have the latest version of node.js and npm installed.
23 error If you do, this is most likely a problem with the starter-kit package,
23 error not with npm itself.
23 error Tell the author that this fails on your system:
23 error     npm run lint -- --watch
23 error You can get information on how to open an issue for this project with:
23 error     npm bugs starter-kit
23 error Or if that isn't available, you can get their info via:
23 error     npm owner ls starter-kit
23 error There is likely additional logging output above.
24 verbose exit [ 1, true ]
